<?xml version="1.0" encoding="UTF-8"?>
<testsuite xmlns:xsi="http://www.w3.org/2001/XMLSchema-instance" xsi:noNamespaceSchemaLocation="https://maven.apache.org/surefire/maven-surefire-plugin/xsd/surefire-test-report.xsd" name="com.tweetapp.library.config.test.JwtRequestFilterTest" time="0.574" tests="6" errors="0" skipped="0" failures="0">
  <properties>
    <property name="java.specification.version" value="17"/>
    <property name="sun.jnu.encoding" value="UTF-8"/>
    <property name="java.class.path" value="/home/jica/projects/LANGUAGE-LEARNING-PLATFORM/app-commons/target/test-classes:/home/jica/projects/LANGUAGE-LEARNING-PLATFORM/app-commons/target/classes:/home/jica/.m2/repository/org/springframework/boot/spring-boot-starter/2.6.4/spring-boot-starter-2.6.4.jar:/home/jica/.m2/repository/org/springframework/boot/spring-boot/2.6.4/spring-boot-2.6.4.jar:/home/jica/.m2/repository/org/springframework/spring-context/5.3.16/spring-context-5.3.16.jar:/home/jica/.m2/repository/org/springframework/boot/spring-boot-autoconfigure/2.6.4/spring-boot-autoconfigure-2.6.4.jar:/home/jica/.m2/repository/org/springframework/boot/spring-boot-starter-logging/2.6.4/spring-boot-starter-logging-2.6.4.jar:/home/jica/.m2/repository/ch/qos/logback/logback-classic/1.2.10/logback-classic-1.2.10.jar:/home/jica/.m2/repository/ch/qos/logback/logback-core/1.2.10/logback-core-1.2.10.jar:/home/jica/.m2/repository/org/apache/logging/log4j/log4j-to-slf4j/2.17.1/log4j-to-slf4j-2.17.1.jar:/home/jica/.m2/repository/org/apache/logging/log4j/log4j-api/2.17.1/log4j-api-2.17.1.jar:/home/jica/.m2/repository/org/slf4j/jul-to-slf4j/1.7.36/jul-to-slf4j-1.7.36.jar:/home/jica/.m2/repository/jakarta/annotation/jakarta.annotation-api/1.3.5/jakarta.annotation-api-1.3.5.jar:/home/jica/.m2/repository/org/springframework/spring-core/5.3.16/spring-core-5.3.16.jar:/home/jica/.m2/repository/org/springframework/spring-jcl/5.3.16/spring-jcl-5.3.16.jar:/home/jica/.m2/repository/org/yaml/snakeyaml/1.29/snakeyaml-1.29.jar:/home/jica/.m2/repository/io/jsonwebtoken/jjwt/0.9.1/jjwt-0.9.1.jar:/home/jica/.m2/repository/javax/xml/bind/jaxb-api/2.3.1/jaxb-api-2.3.1.jar:/home/jica/.m2/repository/javax/activation/javax.activation-api/1.2.0/javax.activation-api-1.2.0.jar:/home/jica/.m2/repository/org/apache/commons/commons-lang3/3.12.0/commons-lang3-3.12.0.jar:/home/jica/.m2/repository/org/springframework/boot/spring-boot-starter-web/2.6.4/spring-boot-starter-web-2.6.4.jar:/home/jica/.m2/repository/org/springframework/boot/spring-boot-starter-json/2.6.4/spring-boot-starter-json-2.6.4.jar:/home/jica/.m2/repository/com/fasterxml/jackson/datatype/jackson-datatype-jdk8/2.13.1/jackson-datatype-jdk8-2.13.1.jar:/home/jica/.m2/repository/com/fasterxml/jackson/datatype/jackson-datatype-jsr310/2.13.1/jackson-datatype-jsr310-2.13.1.jar:/home/jica/.m2/repository/com/fasterxml/jackson/module/jackson-module-parameter-names/2.13.1/jackson-module-parameter-names-2.13.1.jar:/home/jica/.m2/repository/org/springframework/boot/spring-boot-starter-tomcat/2.6.4/spring-boot-starter-tomcat-2.6.4.jar:/home/jica/.m2/repository/org/apache/tomcat/embed/tomcat-embed-core/9.0.58/tomcat-embed-core-9.0.58.jar:/home/jica/.m2/repository/org/apache/tomcat/embed/tomcat-embed-websocket/9.0.58/tomcat-embed-websocket-9.0.58.jar:/home/jica/.m2/repository/org/springframework/spring-web/5.3.16/spring-web-5.3.16.jar:/home/jica/.m2/repository/org/springframework/spring-beans/5.3.16/spring-beans-5.3.16.jar:/home/jica/.m2/repository/org/springframework/spring-webmvc/5.3.16/spring-webmvc-5.3.16.jar:/home/jica/.m2/repository/org/springframework/spring-expression/5.3.16/spring-expression-5.3.16.jar:/home/jica/.m2/repository/org/springframework/boot/spring-boot-starter-test/2.6.4/spring-boot-starter-test-2.6.4.jar:/home/jica/.m2/repository/org/springframework/boot/spring-boot-test/2.6.4/spring-boot-test-2.6.4.jar:/home/jica/.m2/repository/org/springframework/boot/spring-boot-test-autoconfigure/2.6.4/spring-boot-test-autoconfigure-2.6.4.jar:/home/jica/.m2/repository/com/jayway/jsonpath/json-path/2.6.0/json-path-2.6.0.jar:/home/jica/.m2/repository/net/minidev/json-smart/2.4.8/json-smart-2.4.8.jar:/home/jica/.m2/repository/net/minidev/accessors-smart/2.4.8/accessors-smart-2.4.8.jar:/home/jica/.m2/repository/org/ow2/asm/asm/9.1/asm-9.1.jar:/home/jica/.m2/repository/org/slf4j/slf4j-api/1.7.36/slf4j-api-1.7.36.jar:/home/jica/.m2/repository/jakarta/xml/bind/jakarta.xml.bind-api/2.3.3/jakarta.xml.bind-api-2.3.3.jar:/home/jica/.m2/repository/jakarta/activation/jakarta.activation-api/1.2.2/jakarta.activation-api-1.2.2.jar:/home/jica/.m2/repository/org/assertj/assertj-core/3.21.0/assertj-core-3.21.0.jar:/home/jica/.m2/repository/org/hamcrest/hamcrest/2.2/hamcrest-2.2.jar:/home/jica/.m2/repository/org/junit/jupiter/junit-jupiter/5.8.2/junit-jupiter-5.8.2.jar:/home/jica/.m2/repository/org/junit/jupiter/junit-jupiter-api/5.8.2/junit-jupiter-api-5.8.2.jar:/home/jica/.m2/repository/org/opentest4j/opentest4j/1.2.0/opentest4j-1.2.0.jar:/home/jica/.m2/repository/org/junit/platform/junit-platform-commons/1.8.2/junit-platform-commons-1.8.2.jar:/home/jica/.m2/repository/org/apiguardian/apiguardian-api/1.1.2/apiguardian-api-1.1.2.jar:/home/jica/.m2/repository/org/junit/jupiter/junit-jupiter-params/5.8.2/junit-jupiter-params-5.8.2.jar:/home/jica/.m2/repository/org/junit/jupiter/junit-jupiter-engine/5.8.2/junit-jupiter-engine-5.8.2.jar:/home/jica/.m2/repository/org/junit/platform/junit-platform-engine/1.8.2/junit-platform-engine-1.8.2.jar:/home/jica/.m2/repository/org/mockito/mockito-core/4.0.0/mockito-core-4.0.0.jar:/home/jica/.m2/repository/net/bytebuddy/byte-buddy/1.11.22/byte-buddy-1.11.22.jar:/home/jica/.m2/repository/net/bytebuddy/byte-buddy-agent/1.11.22/byte-buddy-agent-1.11.22.jar:/home/jica/.m2/repository/org/objenesis/objenesis/3.2/objenesis-3.2.jar:/home/jica/.m2/repository/org/mockito/mockito-junit-jupiter/4.0.0/mockito-junit-jupiter-4.0.0.jar:/home/jica/.m2/repository/org/skyscreamer/jsonassert/1.5.0/jsonassert-1.5.0.jar:/home/jica/.m2/repository/com/vaadin/external/google/android-json/0.0.20131108.vaadin1/android-json-0.0.20131108.vaadin1.jar:/home/jica/.m2/repository/org/springframework/spring-test/5.3.16/spring-test-5.3.16.jar:/home/jica/.m2/repository/org/xmlunit/xmlunit-core/2.8.4/xmlunit-core-2.8.4.jar:/home/jica/.m2/repository/org/springframework/boot/spring-boot-starter-validation/2.6.4/spring-boot-starter-validation-2.6.4.jar:/home/jica/.m2/repository/org/apache/tomcat/embed/tomcat-embed-el/9.0.58/tomcat-embed-el-9.0.58.jar:/home/jica/.m2/repository/org/hibernate/validator/hibernate-validator/6.2.2.Final/hibernate-validator-6.2.2.Final.jar:/home/jica/.m2/repository/jakarta/validation/jakarta.validation-api/2.0.2/jakarta.validation-api-2.0.2.jar:/home/jica/.m2/repository/org/jboss/logging/jboss-logging/3.4.3.Final/jboss-logging-3.4.3.Final.jar:/home/jica/.m2/repository/com/fasterxml/classmate/1.5.1/classmate-1.5.1.jar:/home/jica/.m2/repository/org/springdoc/springdoc-openapi-ui/1.6.4/springdoc-openapi-ui-1.6.4.jar:/home/jica/.m2/repository/org/springdoc/springdoc-openapi-webmvc-core/1.6.4/springdoc-openapi-webmvc-core-1.6.4.jar:/home/jica/.m2/repository/org/springdoc/springdoc-openapi-common/1.6.4/springdoc-openapi-common-1.6.4.jar:/home/jica/.m2/repository/io/swagger/core/v3/swagger-core/2.1.12/swagger-core-2.1.12.jar:/home/jica/.m2/repository/com/fasterxml/jackson/dataformat/jackson-dataformat-yaml/2.13.1/jackson-dataformat-yaml-2.13.1.jar:/home/jica/.m2/repository/io/swagger/core/v3/swagger-annotations/2.1.12/swagger-annotations-2.1.12.jar:/home/jica/.m2/repository/io/swagger/core/v3/swagger-models/2.1.12/swagger-models-2.1.12.jar:/home/jica/.m2/repository/org/webjars/swagger-ui/4.1.3/swagger-ui-4.1.3.jar:/home/jica/.m2/repository/org/webjars/webjars-locator-core/0.48/webjars-locator-core-0.48.jar:/home/jica/.m2/repository/io/github/classgraph/classgraph/4.8.138/classgraph-4.8.138.jar:/home/jica/.m2/repository/org/springframework/boot/spring-boot-configuration-processor/2.6.4/spring-boot-configuration-processor-2.6.4.jar:/home/jica/.m2/repository/org/springframework/boot/spring-boot-starter-security/2.6.4/spring-boot-starter-security-2.6.4.jar:/home/jica/.m2/repository/org/springframework/spring-aop/5.3.16/spring-aop-5.3.16.jar:/home/jica/.m2/repository/org/springframework/security/spring-security-config/5.6.2/spring-security-config-5.6.2.jar:/home/jica/.m2/repository/org/springframework/security/spring-security-web/5.6.2/spring-security-web-5.6.2.jar:/home/jica/.m2/repository/org/springframework/security/spring-security-test/5.6.2/spring-security-test-5.6.2.jar:/home/jica/.m2/repository/org/springframework/security/spring-security-core/5.6.2/spring-security-core-5.6.2.jar:/home/jica/.m2/repository/org/springframework/security/spring-security-crypto/5.6.2/spring-security-crypto-5.6.2.jar:/home/jica/.m2/repository/org/springframework/cloud/spring-cloud-starter-openfeign/3.1.1/spring-cloud-starter-openfeign-3.1.1.jar:/home/jica/.m2/repository/org/springframework/cloud/spring-cloud-starter/3.1.1/spring-cloud-starter-3.1.1.jar:/home/jica/.m2/repository/org/springframework/cloud/spring-cloud-context/3.1.1/spring-cloud-context-3.1.1.jar:/home/jica/.m2/repository/org/springframework/security/spring-security-rsa/1.0.10.RELEASE/spring-security-rsa-1.0.10.RELEASE.jar:/home/jica/.m2/repository/org/bouncycastle/bcpkix-jdk15on/1.68/bcpkix-jdk15on-1.68.jar:/home/jica/.m2/repository/org/bouncycastle/bcprov-jdk15on/1.68/bcprov-jdk15on-1.68.jar:/home/jica/.m2/repository/org/springframework/cloud/spring-cloud-openfeign-core/3.1.1/spring-cloud-openfeign-core-3.1.1.jar:/home/jica/.m2/repository/io/github/openfeign/form/feign-form-spring/3.8.0/feign-form-spring-3.8.0.jar:/home/jica/.m2/repository/io/github/openfeign/form/feign-form/3.8.0/feign-form-3.8.0.jar:/home/jica/.m2/repository/commons-fileupload/commons-fileupload/1.4/commons-fileupload-1.4.jar:/home/jica/.m2/repository/commons-io/commons-io/2.2/commons-io-2.2.jar:/home/jica/.m2/repository/org/springframework/cloud/spring-cloud-commons/3.1.1/spring-cloud-commons-3.1.1.jar:/home/jica/.m2/repository/io/github/openfeign/feign-core/11.8/feign-core-11.8.jar:/home/jica/.m2/repository/io/github/openfeign/feign-slf4j/11.8/feign-slf4j-11.8.jar:/home/jica/.m2/repository/org/springframework/boot/spring-boot-starter-aop/2.6.4/spring-boot-starter-aop-2.6.4.jar:/home/jica/.m2/repository/org/aspectj/aspectjweaver/1.9.7/aspectjweaver-1.9.7.jar:/home/jica/.m2/repository/com/fasterxml/jackson/core/jackson-databind/2.13.1/jackson-databind-2.13.1.jar:/home/jica/.m2/repository/com/fasterxml/jackson/core/jackson-annotations/2.13.1/jackson-annotations-2.13.1.jar:/home/jica/.m2/repository/com/fasterxml/jackson/core/jackson-core/2.13.1/jackson-core-2.13.1.jar:/home/jica/.m2/repository/org/springframework/cloud/spring-cloud-starter-sleuth/3.1.1/spring-cloud-starter-sleuth-3.1.1.jar:/home/jica/.m2/repository/org/springframework/cloud/spring-cloud-sleuth-autoconfigure/3.1.1/spring-cloud-sleuth-autoconfigure-3.1.1.jar:/home/jica/.m2/repository/org/springframework/cloud/spring-cloud-sleuth-instrumentation/3.1.1/spring-cloud-sleuth-instrumentation-3.1.1.jar:/home/jica/.m2/repository/org/springframework/cloud/spring-cloud-sleuth-api/3.1.1/spring-cloud-sleuth-api-3.1.1.jar:/home/jica/.m2/repository/org/aspectj/aspectjrt/1.9.7/aspectjrt-1.9.7.jar:/home/jica/.m2/repository/org/springframework/cloud/spring-cloud-sleuth-brave/3.1.1/spring-cloud-sleuth-brave-3.1.1.jar:/home/jica/.m2/repository/io/zipkin/brave/brave/5.13.7/brave-5.13.7.jar:/home/jica/.m2/repository/io/zipkin/brave/brave-context-slf4j/5.13.7/brave-context-slf4j-5.13.7.jar:/home/jica/.m2/repository/io/zipkin/brave/brave-instrumentation-messaging/5.13.7/brave-instrumentation-messaging-5.13.7.jar:/home/jica/.m2/repository/io/zipkin/brave/brave-instrumentation-rpc/5.13.7/brave-instrumentation-rpc-5.13.7.jar:/home/jica/.m2/repository/io/zipkin/brave/brave-instrumentation-spring-rabbit/5.13.7/brave-instrumentation-spring-rabbit-5.13.7.jar:/home/jica/.m2/repository/io/zipkin/brave/brave-instrumentation-kafka-clients/5.13.7/brave-instrumentation-kafka-clients-5.13.7.jar:/home/jica/.m2/repository/io/zipkin/brave/brave-instrumentation-kafka-streams/5.13.7/brave-instrumentation-kafka-streams-5.13.7.jar:/home/jica/.m2/repository/io/zipkin/brave/brave-instrumentation-httpclient/5.13.7/brave-instrumentation-httpclient-5.13.7.jar:/home/jica/.m2/repository/io/zipkin/brave/brave-instrumentation-http/5.13.7/brave-instrumentation-http-5.13.7.jar:/home/jica/.m2/repository/io/zipkin/brave/brave-instrumentation-httpasyncclient/5.13.7/brave-instrumentation-httpasyncclient-5.13.7.jar:/home/jica/.m2/repository/io/zipkin/brave/brave-instrumentation-jms/5.13.7/brave-instrumentation-jms-5.13.7.jar:/home/jica/.m2/repository/io/zipkin/brave/brave-instrumentation-mongodb/5.13.7/brave-instrumentation-mongodb-5.13.7.jar:/home/jica/.m2/repository/io/zipkin/aws/brave-propagation-aws/0.21.3/brave-propagation-aws-0.21.3.jar:/home/jica/.m2/repository/io/zipkin/reporter2/zipkin-reporter-metrics-micrometer/2.16.3/zipkin-reporter-metrics-micrometer-2.16.3.jar:/home/jica/.m2/repository/io/zipkin/reporter2/zipkin-reporter/2.16.3/zipkin-reporter-2.16.3.jar:/home/jica/.m2/repository/io/zipkin/zipkin2/zipkin/2.23.2/zipkin-2.23.2.jar:/home/jica/.m2/repository/net/logstash/logback/logstash-logback-encoder/7.0.1/logstash-logback-encoder-7.0.1.jar:/home/jica/.m2/repository/org/springframework/boot/spring-boot-starter-actuator/2.6.4/spring-boot-starter-actuator-2.6.4.jar:/home/jica/.m2/repository/org/springframework/boot/spring-boot-actuator-autoconfigure/2.6.4/spring-boot-actuator-autoconfigure-2.6.4.jar:/home/jica/.m2/repository/org/springframework/boot/spring-boot-actuator/2.6.4/spring-boot-actuator-2.6.4.jar:/home/jica/.m2/repository/io/micrometer/micrometer-core/1.8.3/micrometer-core-1.8.3.jar:/home/jica/.m2/repository/org/hdrhistogram/HdrHistogram/2.1.12/HdrHistogram-2.1.12.jar:/home/jica/.m2/repository/org/latencyutils/LatencyUtils/2.0.3/LatencyUtils-2.0.3.jar:/home/jica/.m2/repository/io/micrometer/micrometer-registry-prometheus/1.8.3/micrometer-registry-prometheus-1.8.3.jar:/home/jica/.m2/repository/io/prometheus/simpleclient_common/0.12.0/simpleclient_common-0.12.0.jar:/home/jica/.m2/repository/io/prometheus/simpleclient/0.12.0/simpleclient-0.12.0.jar:/home/jica/.m2/repository/io/prometheus/simpleclient_tracer_otel/0.12.0/simpleclient_tracer_otel-0.12.0.jar:/home/jica/.m2/repository/io/prometheus/simpleclient_tracer_common/0.12.0/simpleclient_tracer_common-0.12.0.jar:/home/jica/.m2/repository/io/prometheus/simpleclient_tracer_otel_agent/0.12.0/simpleclient_tracer_otel_agent-0.12.0.jar:"/>
    <property name="java.vm.vendor" value="JetBrains s.r.o."/>
    <property name="sun.arch.data.model" value="64"/>
    <property name="java.vendor.url" value="https://openjdk.java.net/"/>
    <property name="os.name" value="Linux"/>
    <property name="java.vm.specification.version" value="17"/>
    <property name="sun.java.launcher" value="SUN_STANDARD"/>
    <property name="user.country" value="US"/>
    <property name="sun.boot.library.path" value="/home/jica/.local/share/JetBrains/Toolbox/apps/intellij-idea-ultimate/jbr/lib"/>
    <property name="sun.java.command" value="/home/jica/projects/LANGUAGE-LEARNING-PLATFORM/app-commons/target/surefire/surefirebooter2790976173458843577.jar /home/jica/projects/LANGUAGE-LEARNING-PLATFORM/app-commons/target/surefire 2024-04-28T12-23-57_622-jvmRun1 surefire11217176353102837582tmp surefire_04463171209838450345tmp"/>
    <property name="jdk.debug" value="release"/>
    <property name="surefire.test.class.path" value="/home/jica/projects/LANGUAGE-LEARNING-PLATFORM/app-commons/target/test-classes:/home/jica/projects/LANGUAGE-LEARNING-PLATFORM/app-commons/target/classes:/home/jica/.m2/repository/org/springframework/boot/spring-boot-starter/2.6.4/spring-boot-starter-2.6.4.jar:/home/jica/.m2/repository/org/springframework/boot/spring-boot/2.6.4/spring-boot-2.6.4.jar:/home/jica/.m2/repository/org/springframework/spring-context/5.3.16/spring-context-5.3.16.jar:/home/jica/.m2/repository/org/springframework/boot/spring-boot-autoconfigure/2.6.4/spring-boot-autoconfigure-2.6.4.jar:/home/jica/.m2/repository/org/springframework/boot/spring-boot-starter-logging/2.6.4/spring-boot-starter-logging-2.6.4.jar:/home/jica/.m2/repository/ch/qos/logback/logback-classic/1.2.10/logback-classic-1.2.10.jar:/home/jica/.m2/repository/ch/qos/logback/logback-core/1.2.10/logback-core-1.2.10.jar:/home/jica/.m2/repository/org/apache/logging/log4j/log4j-to-slf4j/2.17.1/log4j-to-slf4j-2.17.1.jar:/home/jica/.m2/repository/org/apache/logging/log4j/log4j-api/2.17.1/log4j-api-2.17.1.jar:/home/jica/.m2/repository/org/slf4j/jul-to-slf4j/1.7.36/jul-to-slf4j-1.7.36.jar:/home/jica/.m2/repository/jakarta/annotation/jakarta.annotation-api/1.3.5/jakarta.annotation-api-1.3.5.jar:/home/jica/.m2/repository/org/springframework/spring-core/5.3.16/spring-core-5.3.16.jar:/home/jica/.m2/repository/org/springframework/spring-jcl/5.3.16/spring-jcl-5.3.16.jar:/home/jica/.m2/repository/org/yaml/snakeyaml/1.29/snakeyaml-1.29.jar:/home/jica/.m2/repository/io/jsonwebtoken/jjwt/0.9.1/jjwt-0.9.1.jar:/home/jica/.m2/repository/javax/xml/bind/jaxb-api/2.3.1/jaxb-api-2.3.1.jar:/home/jica/.m2/repository/javax/activation/javax.activation-api/1.2.0/javax.activation-api-1.2.0.jar:/home/jica/.m2/repository/org/apache/commons/commons-lang3/3.12.0/commons-lang3-3.12.0.jar:/home/jica/.m2/repository/org/springframework/boot/spring-boot-starter-web/2.6.4/spring-boot-starter-web-2.6.4.jar:/home/jica/.m2/repository/org/springframework/boot/spring-boot-starter-json/2.6.4/spring-boot-starter-json-2.6.4.jar:/home/jica/.m2/repository/com/fasterxml/jackson/datatype/jackson-datatype-jdk8/2.13.1/jackson-datatype-jdk8-2.13.1.jar:/home/jica/.m2/repository/com/fasterxml/jackson/datatype/jackson-datatype-jsr310/2.13.1/jackson-datatype-jsr310-2.13.1.jar:/home/jica/.m2/repository/com/fasterxml/jackson/module/jackson-module-parameter-names/2.13.1/jackson-module-parameter-names-2.13.1.jar:/home/jica/.m2/repository/org/springframework/boot/spring-boot-starter-tomcat/2.6.4/spring-boot-starter-tomcat-2.6.4.jar:/home/jica/.m2/repository/org/apache/tomcat/embed/tomcat-embed-core/9.0.58/tomcat-embed-core-9.0.58.jar:/home/jica/.m2/repository/org/apache/tomcat/embed/tomcat-embed-websocket/9.0.58/tomcat-embed-websocket-9.0.58.jar:/home/jica/.m2/repository/org/springframework/spring-web/5.3.16/spring-web-5.3.16.jar:/home/jica/.m2/repository/org/springframework/spring-beans/5.3.16/spring-beans-5.3.16.jar:/home/jica/.m2/repository/org/springframework/spring-webmvc/5.3.16/spring-webmvc-5.3.16.jar:/home/jica/.m2/repository/org/springframework/spring-expression/5.3.16/spring-expression-5.3.16.jar:/home/jica/.m2/repository/org/springframework/boot/spring-boot-starter-test/2.6.4/spring-boot-starter-test-2.6.4.jar:/home/jica/.m2/repository/org/springframework/boot/spring-boot-test/2.6.4/spring-boot-test-2.6.4.jar:/home/jica/.m2/repository/org/springframework/boot/spring-boot-test-autoconfigure/2.6.4/spring-boot-test-autoconfigure-2.6.4.jar:/home/jica/.m2/repository/com/jayway/jsonpath/json-path/2.6.0/json-path-2.6.0.jar:/home/jica/.m2/repository/net/minidev/json-smart/2.4.8/json-smart-2.4.8.jar:/home/jica/.m2/repository/net/minidev/accessors-smart/2.4.8/accessors-smart-2.4.8.jar:/home/jica/.m2/repository/org/ow2/asm/asm/9.1/asm-9.1.jar:/home/jica/.m2/repository/org/slf4j/slf4j-api/1.7.36/slf4j-api-1.7.36.jar:/home/jica/.m2/repository/jakarta/xml/bind/jakarta.xml.bind-api/2.3.3/jakarta.xml.bind-api-2.3.3.jar:/home/jica/.m2/repository/jakarta/activation/jakarta.activation-api/1.2.2/jakarta.activation-api-1.2.2.jar:/home/jica/.m2/repository/org/assertj/assertj-core/3.21.0/assertj-core-3.21.0.jar:/home/jica/.m2/repository/org/hamcrest/hamcrest/2.2/hamcrest-2.2.jar:/home/jica/.m2/repository/org/junit/jupiter/junit-jupiter/5.8.2/junit-jupiter-5.8.2.jar:/home/jica/.m2/repository/org/junit/jupiter/junit-jupiter-api/5.8.2/junit-jupiter-api-5.8.2.jar:/home/jica/.m2/repository/org/opentest4j/opentest4j/1.2.0/opentest4j-1.2.0.jar:/home/jica/.m2/repository/org/junit/platform/junit-platform-commons/1.8.2/junit-platform-commons-1.8.2.jar:/home/jica/.m2/repository/org/apiguardian/apiguardian-api/1.1.2/apiguardian-api-1.1.2.jar:/home/jica/.m2/repository/org/junit/jupiter/junit-jupiter-params/5.8.2/junit-jupiter-params-5.8.2.jar:/home/jica/.m2/repository/org/junit/jupiter/junit-jupiter-engine/5.8.2/junit-jupiter-engine-5.8.2.jar:/home/jica/.m2/repository/org/junit/platform/junit-platform-engine/1.8.2/junit-platform-engine-1.8.2.jar:/home/jica/.m2/repository/org/mockito/mockito-core/4.0.0/mockito-core-4.0.0.jar:/home/jica/.m2/repository/net/bytebuddy/byte-buddy/1.11.22/byte-buddy-1.11.22.jar:/home/jica/.m2/repository/net/bytebuddy/byte-buddy-agent/1.11.22/byte-buddy-agent-1.11.22.jar:/home/jica/.m2/repository/org/objenesis/objenesis/3.2/objenesis-3.2.jar:/home/jica/.m2/repository/org/mockito/mockito-junit-jupiter/4.0.0/mockito-junit-jupiter-4.0.0.jar:/home/jica/.m2/repository/org/skyscreamer/jsonassert/1.5.0/jsonassert-1.5.0.jar:/home/jica/.m2/repository/com/vaadin/external/google/android-json/0.0.20131108.vaadin1/android-json-0.0.20131108.vaadin1.jar:/home/jica/.m2/repository/org/springframework/spring-test/5.3.16/spring-test-5.3.16.jar:/home/jica/.m2/repository/org/xmlunit/xmlunit-core/2.8.4/xmlunit-core-2.8.4.jar:/home/jica/.m2/repository/org/springframework/boot/spring-boot-starter-validation/2.6.4/spring-boot-starter-validation-2.6.4.jar:/home/jica/.m2/repository/org/apache/tomcat/embed/tomcat-embed-el/9.0.58/tomcat-embed-el-9.0.58.jar:/home/jica/.m2/repository/org/hibernate/validator/hibernate-validator/6.2.2.Final/hibernate-validator-6.2.2.Final.jar:/home/jica/.m2/repository/jakarta/validation/jakarta.validation-api/2.0.2/jakarta.validation-api-2.0.2.jar:/home/jica/.m2/repository/org/jboss/logging/jboss-logging/3.4.3.Final/jboss-logging-3.4.3.Final.jar:/home/jica/.m2/repository/com/fasterxml/classmate/1.5.1/classmate-1.5.1.jar:/home/jica/.m2/repository/org/springdoc/springdoc-openapi-ui/1.6.4/springdoc-openapi-ui-1.6.4.jar:/home/jica/.m2/repository/org/springdoc/springdoc-openapi-webmvc-core/1.6.4/springdoc-openapi-webmvc-core-1.6.4.jar:/home/jica/.m2/repository/org/springdoc/springdoc-openapi-common/1.6.4/springdoc-openapi-common-1.6.4.jar:/home/jica/.m2/repository/io/swagger/core/v3/swagger-core/2.1.12/swagger-core-2.1.12.jar:/home/jica/.m2/repository/com/fasterxml/jackson/dataformat/jackson-dataformat-yaml/2.13.1/jackson-dataformat-yaml-2.13.1.jar:/home/jica/.m2/repository/io/swagger/core/v3/swagger-annotations/2.1.12/swagger-annotations-2.1.12.jar:/home/jica/.m2/repository/io/swagger/core/v3/swagger-models/2.1.12/swagger-models-2.1.12.jar:/home/jica/.m2/repository/org/webjars/swagger-ui/4.1.3/swagger-ui-4.1.3.jar:/home/jica/.m2/repository/org/webjars/webjars-locator-core/0.48/webjars-locator-core-0.48.jar:/home/jica/.m2/repository/io/github/classgraph/classgraph/4.8.138/classgraph-4.8.138.jar:/home/jica/.m2/repository/org/springframework/boot/spring-boot-configuration-processor/2.6.4/spring-boot-configuration-processor-2.6.4.jar:/home/jica/.m2/repository/org/springframework/boot/spring-boot-starter-security/2.6.4/spring-boot-starter-security-2.6.4.jar:/home/jica/.m2/repository/org/springframework/spring-aop/5.3.16/spring-aop-5.3.16.jar:/home/jica/.m2/repository/org/springframework/security/spring-security-config/5.6.2/spring-security-config-5.6.2.jar:/home/jica/.m2/repository/org/springframework/security/spring-security-web/5.6.2/spring-security-web-5.6.2.jar:/home/jica/.m2/repository/org/springframework/security/spring-security-test/5.6.2/spring-security-test-5.6.2.jar:/home/jica/.m2/repository/org/springframework/security/spring-security-core/5.6.2/spring-security-core-5.6.2.jar:/home/jica/.m2/repository/org/springframework/security/spring-security-crypto/5.6.2/spring-security-crypto-5.6.2.jar:/home/jica/.m2/repository/org/springframework/cloud/spring-cloud-starter-openfeign/3.1.1/spring-cloud-starter-openfeign-3.1.1.jar:/home/jica/.m2/repository/org/springframework/cloud/spring-cloud-starter/3.1.1/spring-cloud-starter-3.1.1.jar:/home/jica/.m2/repository/org/springframework/cloud/spring-cloud-context/3.1.1/spring-cloud-context-3.1.1.jar:/home/jica/.m2/repository/org/springframework/security/spring-security-rsa/1.0.10.RELEASE/spring-security-rsa-1.0.10.RELEASE.jar:/home/jica/.m2/repository/org/bouncycastle/bcpkix-jdk15on/1.68/bcpkix-jdk15on-1.68.jar:/home/jica/.m2/repository/org/bouncycastle/bcprov-jdk15on/1.68/bcprov-jdk15on-1.68.jar:/home/jica/.m2/repository/org/springframework/cloud/spring-cloud-openfeign-core/3.1.1/spring-cloud-openfeign-core-3.1.1.jar:/home/jica/.m2/repository/io/github/openfeign/form/feign-form-spring/3.8.0/feign-form-spring-3.8.0.jar:/home/jica/.m2/repository/io/github/openfeign/form/feign-form/3.8.0/feign-form-3.8.0.jar:/home/jica/.m2/repository/commons-fileupload/commons-fileupload/1.4/commons-fileupload-1.4.jar:/home/jica/.m2/repository/commons-io/commons-io/2.2/commons-io-2.2.jar:/home/jica/.m2/repository/org/springframework/cloud/spring-cloud-commons/3.1.1/spring-cloud-commons-3.1.1.jar:/home/jica/.m2/repository/io/github/openfeign/feign-core/11.8/feign-core-11.8.jar:/home/jica/.m2/repository/io/github/openfeign/feign-slf4j/11.8/feign-slf4j-11.8.jar:/home/jica/.m2/repository/org/springframework/boot/spring-boot-starter-aop/2.6.4/spring-boot-starter-aop-2.6.4.jar:/home/jica/.m2/repository/org/aspectj/aspectjweaver/1.9.7/aspectjweaver-1.9.7.jar:/home/jica/.m2/repository/com/fasterxml/jackson/core/jackson-databind/2.13.1/jackson-databind-2.13.1.jar:/home/jica/.m2/repository/com/fasterxml/jackson/core/jackson-annotations/2.13.1/jackson-annotations-2.13.1.jar:/home/jica/.m2/repository/com/fasterxml/jackson/core/jackson-core/2.13.1/jackson-core-2.13.1.jar:/home/jica/.m2/repository/org/springframework/cloud/spring-cloud-starter-sleuth/3.1.1/spring-cloud-starter-sleuth-3.1.1.jar:/home/jica/.m2/repository/org/springframework/cloud/spring-cloud-sleuth-autoconfigure/3.1.1/spring-cloud-sleuth-autoconfigure-3.1.1.jar:/home/jica/.m2/repository/org/springframework/cloud/spring-cloud-sleuth-instrumentation/3.1.1/spring-cloud-sleuth-instrumentation-3.1.1.jar:/home/jica/.m2/repository/org/springframework/cloud/spring-cloud-sleuth-api/3.1.1/spring-cloud-sleuth-api-3.1.1.jar:/home/jica/.m2/repository/org/aspectj/aspectjrt/1.9.7/aspectjrt-1.9.7.jar:/home/jica/.m2/repository/org/springframework/cloud/spring-cloud-sleuth-brave/3.1.1/spring-cloud-sleuth-brave-3.1.1.jar:/home/jica/.m2/repository/io/zipkin/brave/brave/5.13.7/brave-5.13.7.jar:/home/jica/.m2/repository/io/zipkin/brave/brave-context-slf4j/5.13.7/brave-context-slf4j-5.13.7.jar:/home/jica/.m2/repository/io/zipkin/brave/brave-instrumentation-messaging/5.13.7/brave-instrumentation-messaging-5.13.7.jar:/home/jica/.m2/repository/io/zipkin/brave/brave-instrumentation-rpc/5.13.7/brave-instrumentation-rpc-5.13.7.jar:/home/jica/.m2/repository/io/zipkin/brave/brave-instrumentation-spring-rabbit/5.13.7/brave-instrumentation-spring-rabbit-5.13.7.jar:/home/jica/.m2/repository/io/zipkin/brave/brave-instrumentation-kafka-clients/5.13.7/brave-instrumentation-kafka-clients-5.13.7.jar:/home/jica/.m2/repository/io/zipkin/brave/brave-instrumentation-kafka-streams/5.13.7/brave-instrumentation-kafka-streams-5.13.7.jar:/home/jica/.m2/repository/io/zipkin/brave/brave-instrumentation-httpclient/5.13.7/brave-instrumentation-httpclient-5.13.7.jar:/home/jica/.m2/repository/io/zipkin/brave/brave-instrumentation-http/5.13.7/brave-instrumentation-http-5.13.7.jar:/home/jica/.m2/repository/io/zipkin/brave/brave-instrumentation-httpasyncclient/5.13.7/brave-instrumentation-httpasyncclient-5.13.7.jar:/home/jica/.m2/repository/io/zipkin/brave/brave-instrumentation-jms/5.13.7/brave-instrumentation-jms-5.13.7.jar:/home/jica/.m2/repository/io/zipkin/brave/brave-instrumentation-mongodb/5.13.7/brave-instrumentation-mongodb-5.13.7.jar:/home/jica/.m2/repository/io/zipkin/aws/brave-propagation-aws/0.21.3/brave-propagation-aws-0.21.3.jar:/home/jica/.m2/repository/io/zipkin/reporter2/zipkin-reporter-metrics-micrometer/2.16.3/zipkin-reporter-metrics-micrometer-2.16.3.jar:/home/jica/.m2/repository/io/zipkin/reporter2/zipkin-reporter/2.16.3/zipkin-reporter-2.16.3.jar:/home/jica/.m2/repository/io/zipkin/zipkin2/zipkin/2.23.2/zipkin-2.23.2.jar:/home/jica/.m2/repository/net/logstash/logback/logstash-logback-encoder/7.0.1/logstash-logback-encoder-7.0.1.jar:/home/jica/.m2/repository/org/springframework/boot/spring-boot-starter-actuator/2.6.4/spring-boot-starter-actuator-2.6.4.jar:/home/jica/.m2/repository/org/springframework/boot/spring-boot-actuator-autoconfigure/2.6.4/spring-boot-actuator-autoconfigure-2.6.4.jar:/home/jica/.m2/repository/org/springframework/boot/spring-boot-actuator/2.6.4/spring-boot-actuator-2.6.4.jar:/home/jica/.m2/repository/io/micrometer/micrometer-core/1.8.3/micrometer-core-1.8.3.jar:/home/jica/.m2/repository/org/hdrhistogram/HdrHistogram/2.1.12/HdrHistogram-2.1.12.jar:/home/jica/.m2/repository/org/latencyutils/LatencyUtils/2.0.3/LatencyUtils-2.0.3.jar:/home/jica/.m2/repository/io/micrometer/micrometer-registry-prometheus/1.8.3/micrometer-registry-prometheus-1.8.3.jar:/home/jica/.m2/repository/io/prometheus/simpleclient_common/0.12.0/simpleclient_common-0.12.0.jar:/home/jica/.m2/repository/io/prometheus/simpleclient/0.12.0/simpleclient-0.12.0.jar:/home/jica/.m2/repository/io/prometheus/simpleclient_tracer_otel/0.12.0/simpleclient_tracer_otel-0.12.0.jar:/home/jica/.m2/repository/io/prometheus/simpleclient_tracer_common/0.12.0/simpleclient_tracer_common-0.12.0.jar:/home/jica/.m2/repository/io/prometheus/simpleclient_tracer_otel_agent/0.12.0/simpleclient_tracer_otel_agent-0.12.0.jar:"/>
    <property name="sun.cpu.endian" value="little"/>
    <property name="user.home" value="/home/jica"/>
    <property name="user.language" value="en"/>
    <property name="java.specification.vendor" value="Oracle Corporation"/>
    <property name="java.version.date" value="2023-10-17"/>
    <property name="java.home" value="/home/jica/.local/share/JetBrains/Toolbox/apps/intellij-idea-ultimate/jbr"/>
    <property name="file.separator" value="/"/>
    <property name="basedir" value="/home/jica/projects/LANGUAGE-LEARNING-PLATFORM/app-commons"/>
    <property name="java.vm.compressedOopsMode" value="Zero based"/>
    <property name="line.separator" value="&#10;"/>
    <property name="java.specification.name" value="Java Platform API Specification"/>
    <property name="java.vm.specification.vendor" value="Oracle Corporation"/>
    <property name="jbr.virtualization.information" value="No virtualization detected"/>
    <property name="surefire.real.class.path" value="/home/jica/projects/LANGUAGE-LEARNING-PLATFORM/app-commons/target/surefire/surefirebooter2790976173458843577.jar"/>
    <property name="sun.management.compiler" value="HotSpot 64-Bit Tiered Compilers"/>
    <property name="java.runtime.version" value="17.0.9+7-b1087.11"/>
    <property name="user.name" value="jica"/>
    <property name="path.separator" value=":"/>
    <property name="os.version" value="6.8.0-76060800daily20240311-generic"/>
    <property name="java.runtime.name" value="OpenJDK Runtime Environment"/>
    <property name="file.encoding" value="UTF-8"/>
    <property name="java.vm.name" value="OpenJDK 64-Bit Server VM"/>
    <property name="java.vendor.version" value="JBR-17.0.9+7-1087.11-jcef"/>
    <property name="localRepository" value="/home/jica/.m2/repository"/>
    <property name="java.vendor.url.bug" value="https://bugreport.java.com/bugreport/"/>
    <property name="java.io.tmpdir" value="/tmp"/>
    <property name="idea.version" value="2023.3.3"/>
    <property name="java.version" value="17.0.9"/>
    <property name="user.dir" value="/home/jica/projects/LANGUAGE-LEARNING-PLATFORM/app-commons"/>
    <property name="os.arch" value="amd64"/>
    <property name="java.vm.specification.name" value="Java Virtual Machine Specification"/>
    <property name="native.encoding" value="UTF-8"/>
    <property name="java.library.path" value="/usr/java/packages/lib:/usr/lib64:/lib64:/lib:/usr/lib"/>
    <property name="java.vm.info" value="mixed mode"/>
    <property name="java.vendor" value="JetBrains s.r.o."/>
    <property name="java.vm.version" value="17.0.9+7-b1087.11"/>
    <property name="sun.io.unicode.encoding" value="UnicodeLittle"/>
    <property name="java.class.version" value="61.0"/>
  </properties>
  <testcase name="doFilterInternalTest_ValidationErrors" classname="com.tweetapp.library.config.test.JwtRequestFilterTest" time="0.034"/>
  <testcase name="doFilterInternalTest" classname="com.tweetapp.library.config.test.JwtRequestFilterTest" time="0.008"/>
  <testcase name="doFilterInternalTest_FeignException" classname="com.tweetapp.library.config.test.JwtRequestFilterTest" time="0.018"/>
  <testcase name="doFilterInternalTest_NoBearer" classname="com.tweetapp.library.config.test.JwtRequestFilterTest" time="0.007"/>
  <testcase name="doFilterInternalTest_LoggedInUser" classname="com.tweetapp.library.config.test.JwtRequestFilterTest" time="0.009"/>
  <testcase name="doFilterInternalTest_NullUsername" classname="com.tweetapp.library.config.test.JwtRequestFilterTest" time="0.008"/>
</testsuite>